<?xml version="1.0" encoding="UTF-8"?>
<testsuites name="eagleLoardTest" time="178.216" tests="1" failures="0" errors="0">
   <testsuite name="eagleLoardTest" tests="1" failures="0" errors="0" time="178.216" timestamp="2021-01-07 17:47:09" hostname="LIYWE - PC76945.de-prod.dk" id="Test Suites/eagleLoardTest">
      <properties>
[...]
</properties>
      <testcase name="Test Cases/Eagle performance test" time="131.004" classname="Test Cases/Eagle performance test" status="PASSED">
         <system-out><![CDATA[2021-01-07 17:47:09 - [TEST_CASE][PASSED] - Test Cases/Eagle performance test: Test Cases/Eagle performance test

2021-01-07 17:47:09 - [TEST_STEP][PASSED] - Start listener action : sampleBeforeTestCase: null

2021-01-07 17:47:09 - [TEST_STEP][PASSED] - n = Integer.parseInt(findTestData("testData").getValue(14, 1)): null

2021-01-07 17:47:10 - [TEST_STEP][PASSED] - overviewPageLoadingTestFlag = findTestData("testCases").getValue(2, 1): null

2021-01-07 17:47:10 - [TEST_STEP][PASSED] - searchWithGroupTypeTestFlag = findTestData("testCases").getValue(2, 2): null

2021-01-07 17:47:10 - [TEST_STEP][PASSED] - dataScreenPageLoadingTestFlag = findTestData("testCases").getValue(2, 3): null

2021-01-07 17:47:10 - [TEST_STEP][PASSED] - openApplicationInNewTabTestFlag = findTestData("testCases").getValue(2, 4): null

2021-01-07 17:47:10 - [TEST_STEP][PASSED] - navigateToOverviewPageFromOtherPageTestFlag = findTestData("testCases").getValue(2, 5): null

2021-01-07 17:47:10 - [TEST_STEP][PASSED] - testCaseList = new java.util.HashMap(): null

2021-01-07 17:47:10 - [TEST_STEP][PASSED] - if (overviewPageLoadingTestFlag == "true"): null

2021-01-07 17:47:10 - [TEST_STEP][PASSED] - overviewPageLoadingTest = getInstance().getReportTest("Overview page loading", "Verify overview page loading with" + n + " number of users"): null

2021-01-07 17:47:10 - [TEST_STEP][PASSED] - testCaseList.put("overviewPageLoadingTest", overviewPageLoadingTest): null

2021-01-07 17:47:10 - [TEST_STEP][PASSED] - if (searchWithGroupTypeTestFlag == "true"): null

2021-01-07 17:47:10 - [TEST_STEP][PASSED] - if (dataScreenPageLoadingTestFlag == "true"): null

2021-01-07 17:47:10 - [TEST_STEP][PASSED] - dataScreenPageLoadingTest = getInstance().getReportTest("Verify Data screen page loading", "Verify Data screen page loading for " + n + " number of users"): null

2021-01-07 17:47:10 - [TEST_STEP][PASSED] - testCaseList.put("dataScreenPageLoadingTest", dataScreenPageLoadingTest): null

2021-01-07 17:47:10 - [TEST_STEP][PASSED] - if (openApplicationInNewTabTestFlag == "true"): null

2021-01-07 17:47:10 - [TEST_STEP][PASSED] - openApplicationInNewTabTest = getInstance().getReportTest("Verify opening eagle app in new tab", "Verify Dopening eagle app in new tabs for " + n + " number of users"): null

2021-01-07 17:47:10 - [TEST_STEP][PASSED] - testCaseList.put("openApplicationInNewTabTest", openApplicationInNewTabTest): null

2021-01-07 17:47:10 - [TEST_STEP][PASSED] - if (navigateToOverviewPageFromOtherPageTestFlag == "true"): null

2021-01-07 17:47:10 - [TEST_STEP][PASSED] - navigateToOverviewPageFromOtherPageTest = getInstance().getReportTest("Verify navigating to overview page from other page", "Verify navigating to overview page from other page " + n + " number of users"): null

2021-01-07 17:47:11 - [TEST_STEP][PASSED] - testCaseList.put("navigateToOverviewPageFromOtherPageTest", navigateToOverviewPageFromOtherPageTest): null

2021-01-07 17:47:11 - [TEST_STEP][PASSED] - CreateDriver().createDriver(testCaseList): Delayed 5 second(s)

2021-01-07 17:47:20 - [MESSAGE][PASSED] - Delayed 5 second(s)

2021-01-07 17:47:21 - [MESSAGE][PASSED] - Navigate to 'https://development.eagle3.orsted.dk/#/Home' successfully

2021-01-07 17:47:23 - [MESSAGE][PASSED] - Current window maximized

2021-01-07 17:47:23 - [MESSAGE][PASSED] - Taking screenshot successfully
[[ATTACHMENT|C:\\\\workspace\\\\EaglePerformanceTest\\\\Reports\\\\screenshot1610012843538.png]]

2021-01-07 17:47:24 - [MESSAGE][PASSED] - Wait for page load successfully

2021-01-07 17:47:25 - [MESSAGE][PASSED] - Delayed 5 second(s)

2021-01-07 17:47:30 - [MESSAGE][PASSED] - Delayed 5 second(s)

2021-01-07 17:47:34 - [MESSAGE][PASSED] - Delayed 10 second(s)

2021-01-07 17:47:35 - [MESSAGE][PASSED] - Delayed 5 second(s)

2021-01-07 17:47:35 - [MESSAGE][PASSED] - Object: 'Object Repository/logIn/loginBtn' is clicked on

2021-01-07 17:47:36 - [MESSAGE][PASSED] - Taking screenshot successfully
[[ATTACHMENT|C:\\\\workspace\\\\EaglePerformanceTest\\\\Reports\\\\screenshot1610012855881.png]]

2021-01-07 17:47:37 - [MESSAGE][PASSED] - Object 'Object Repository/logIn/signPage' is present

2021-01-07 17:47:37 - [MESSAGE][PASSED] - Text 'liywe@orsted.dk' is set on object 'Object Repository/logIn/loginEmail'

2021-01-07 17:47:37 - [MESSAGE][PASSED] - Object: 'Object Repository/logIn/nextBtn' is clicked on

2021-01-07 17:47:38 - [MESSAGE][PASSED] - Text 'dedu#654321@' is set on object 'Object Repository/logIn/loginPW'

2021-01-07 17:47:40 - [MESSAGE][PASSED] - Delayed 2 second(s)

2021-01-07 17:47:40 - [MESSAGE][PASSED] - Delayed 5 second(s)

2021-01-07 17:47:41 - [MESSAGE][PASSED] - Object: 'Object Repository/logIn/signInBtn' is clicked on

2021-01-07 17:47:43 - [MESSAGE][PASSED] - Delayed 2 second(s)

2021-01-07 17:47:45 - [MESSAGE][PASSED] - Delayed 5 second(s)

2021-01-07 17:47:45 - [MESSAGE][PASSED] - Object: 'Object Repository/logIn/permissionConfirmationBtn' is clicked on

2021-01-07 17:47:45 - [MESSAGE][PASSED] - Refresh successfully

2021-01-07 17:47:50 - [MESSAGE][PASSED] - Delayed 5 second(s)

2021-01-07 17:47:55 - [MESSAGE][PASSED] - Delayed 5 second(s)

2021-01-07 17:48:00 - [MESSAGE][PASSED] - Delayed 5 second(s)

2021-01-07 17:48:05 - [MESSAGE][PASSED] - Delayed 5 second(s)

2021-01-07 17:48:10 - [MESSAGE][PASSED] - Delayed 5 second(s)

2021-01-07 17:48:15 - [MESSAGE][PASSED] - Delayed 5 second(s)

2021-01-07 17:48:20 - [MESSAGE][PASSED] - Delayed 5 second(s)

2021-01-07 17:48:23 - [MESSAGE][PASSED] - Object 'Object Repository/overviewPages/readingAndApprova/tableRow' is present

2021-01-07 17:48:23 - [MESSAGE][PASSED] - Taking screenshot successfully
[[ATTACHMENT|C:\\\\workspace\\\\EaglePerformanceTest\\\\Reports\\\\screenshot1610012903349.png]]

2021-01-07 17:48:25 - [MESSAGE][PASSED] - Delayed 5 second(s)

2021-01-07 17:48:28 - [MESSAGE][PASSED] - Delayed 5 second(s)

2021-01-07 17:48:30 - [MESSAGE][PASSED] - Delayed 5 second(s)

2021-01-07 17:48:33 - [MESSAGE][PASSED] - Delayed 5 second(s)

2021-01-07 17:48:34 - [MESSAGE][PASSED] - Text 'AVV Skibsanløb Træpiller - indtil ultimo 2015' is set on object 'Object Repository/overviewPages/readingAndApprova/groupName'

2021-01-07 17:48:35 - [MESSAGE][PASSED] - Delayed 5 second(s)

2021-01-07 17:48:39 - [MESSAGE][PASSED] - Delayed 5 second(s)

2021-01-07 17:48:39 - [MESSAGE][PASSED] - Taking screenshot successfully
[[ATTACHMENT|C:\\\\workspace\\\\EaglePerformanceTest\\\\Reports\\\\screenshot1610012919184.png]]

2021-01-07 17:48:39 - [MESSAGE][PASSED] - Object: 'Object Repository/overviewPages/readingAndApprova/groupName' is clicked on

2021-01-07 17:48:40 - [MESSAGE][PASSED] - Delayed 5 second(s)

2021-01-07 17:48:44 - [MESSAGE][PASSED] - Delayed 5 second(s)

2021-01-07 17:48:44 - [MESSAGE][PASSED] - Object 'Object Repository/common/searchBtn' is clickable

2021-01-07 17:48:44 - [MESSAGE][PASSED] - Object: 'Object Repository/common/searchBtn' is clicked on

2021-01-07 17:48:45 - [MESSAGE][PASSED] - Delayed 5 second(s)

2021-01-07 17:48:46 - [MESSAGE][PASSED] - Delayed 2 second(s)

2021-01-07 17:48:47 - [MESSAGE][PASSED] - Web element with id: 'Object Repository/common/spinner' located by 'By.xpath: //*[@class='spinner spinner-loader ng-star-inserted']
' is not present after '120' second(s)

2021-01-07 17:48:47 - [MESSAGE][PASSED] - Taking screenshot successfully
[[ATTACHMENT|C:\\\\workspace\\\\EaglePerformanceTest\\\\Reports\\\\screenshot1610012927451.png]]

2021-01-07 17:48:47 - [MESSAGE][PASSED] - Modify property of object successfully

2021-01-07 17:48:47 - [MESSAGE][PASSED] - Modify property of object successfully

2021-01-07 17:48:48 - [MESSAGE][PASSED] - Object: 'Object Repository/overviewPages/readingAndApprova/nameHyperLink' is clicked on

2021-01-07 17:48:50 - [MESSAGE][PASSED] - Delayed 2 second(s)

2021-01-07 17:48:50 - [MESSAGE][PASSED] - Object 'Object Repository/dataScreen/dataScreenPageHeading' is present

2021-01-07 17:48:50 - [MESSAGE][PASSED] - Delayed 5 second(s)

2021-01-07 17:48:50 - [MESSAGE][PASSED] - Taking screenshot successfully
[[ATTACHMENT|C:\\\\workspace\\\\EaglePerformanceTest\\\\Reports\\\\screenshot1610012930065.png]]

2021-01-07 17:48:50 - [MESSAGE][PASSED] - Object 'Object Repository/dataScreen/periodField' is present

2021-01-07 17:48:50 - [MESSAGE][PASSED] - Taking screenshot successfully
[[ATTACHMENT|C:\\\\workspace\\\\EaglePerformanceTest\\\\Reports\\\\screenshot1610012930456.png]]

2021-01-07 17:48:51 - [MESSAGE][PASSED] - Execute JavaScript 'window.open();' successfully

2021-01-07 17:48:51 - [MESSAGE][PASSED] - Current window's index is: 0

2021-01-07 17:48:51 - [MESSAGE][PASSED] - Switched to window with index: '1'

2021-01-07 17:48:53 - [MESSAGE][PASSED] - Navigate to 'https://development.eagle3.orsted.dk/#/Home' successfully

2021-01-07 17:48:55 - [MESSAGE][PASSED] - Delayed 5 second(s)

2021-01-07 17:48:56 - [MESSAGE][PASSED] - Object 'Object Repository/overviewPages/readingAndApprova/tableRow' is present

2021-01-07 17:48:57 - [MESSAGE][PASSED] - Taking screenshot successfully
[[ATTACHMENT|C:\\\\workspace\\\\EaglePerformanceTest\\\\Reports\\\\screenshot1610012936826.png]]

2021-01-07 17:48:57 - [MESSAGE][PASSED] - Switched to window with index: '0'

2021-01-07 17:48:58 - [MESSAGE][PASSED] - Object: 'Object Repository/masterData/masterDataTab' is clicked on

2021-01-07 17:49:00 - [MESSAGE][PASSED] - Delayed 2 second(s)

2021-01-07 17:49:00 - [MESSAGE][PASSED] - Delayed 5 second(s)

2021-01-07 17:49:00 - [MESSAGE][PASSED] - Object 'Object Repository/overviewPages/meterOverview/createNeMeterBtn' is present

2021-01-07 17:49:00 - [MESSAGE][PASSED] - Taking screenshot successfully
[[ATTACHMENT|C:\\\\workspace\\\\EaglePerformanceTest\\\\Reports\\\\screenshot1610012940284.png]]

2021-01-07 17:49:00 - [MESSAGE][PASSED] - Object: 'Object Repository/overviewPages/readingAndApprova/overViewTab' is clicked on

2021-01-07 17:49:04 - [MESSAGE][PASSED] - Object 'Object Repository/overviewPages/readingAndApprova/tableRow' is present

2021-01-07 17:49:04 - [MESSAGE][PASSED] - Taking screenshot successfully
[[ATTACHMENT|C:\\\\workspace\\\\EaglePerformanceTest\\\\Reports\\\\screenshot1610012944575.png]]

2021-01-07 17:49:05 - [MESSAGE][PASSED] - Object: 'Object Repository/user/userBtn' is clicked on

2021-01-07 17:49:05 - [MESSAGE][PASSED] - Object 'Object Repository/user/signout' is visible

2021-01-07 17:49:05 - [MESSAGE][PASSED] - Delayed 5 second(s)

2021-01-07 17:49:08 - [MESSAGE][PASSED] - Delayed 3 second(s)

2021-01-07 17:49:10 - [MESSAGE][PASSED] - Object: 'Object Repository/user/signout' is clicked on

2021-01-07 17:49:10 - [MESSAGE][PASSED] - Delayed 5 second(s)

2021-01-07 17:49:11 - [MESSAGE][PASSED] - Object 'Object Repository/logIn/loginBtn' is visible

2021-01-07 17:49:11 - [MESSAGE][PASSED] - Wait for page load successfully

2021-01-07 17:49:11 - [MESSAGE][PASSED] - Taking screenshot successfully
[[ATTACHMENT|C:\\\\workspace\\\\EaglePerformanceTest\\\\Reports\\\\screenshot1610012951441.png]]

2021-01-07 17:49:15 - [MESSAGE][PASSED] - Delayed 5 second(s)

2021-01-07 17:49:16 - [MESSAGE][PASSED] - Delayed 5 second(s)

2021-01-07 17:49:20 - [MESSAGE][PASSED] - Delayed 5 second(s)

2021-01-07 17:49:20 - [TEST_STEP][PASSED] - Start listener action : sampleAfterTestCase: null]]></system-out>
         <system-err><![CDATA[]]></system-err>
      </testcase>
      <system-out><![CDATA[2021-01-07 17:47:09 - [TEST_SUITE][PASSED] - eagleLoardTest: Test Cases/Eagle performance test]]></system-out>
      <system-err><![CDATA[]]></system-err>
   </testsuite>
</testsuites>
